This file contains any messages produced by compilers while
running configure, to aid debugging if configure makes a mistake.

It was created by FULL-PACKAGE-NAME configure VERSION, which was
generated by GNU Autoconf 2.69.  Invocation command line was

  $ ./configure 

## --------- ##
## Platform. ##
## --------- ##

hostname = fedora
uname -m = x86_64
uname -r = 5.15.14-200.fc35.x86_64
uname -s = Linux
uname -v = #1 SMP Tue Jan 11 16:49:27 UTC 2022

/usr/bin/uname -p = x86_64
/bin/uname -X     = unknown

/bin/arch              = x86_64
/usr/bin/arch -k       = unknown
/usr/convex/getsysinfo = unknown
/usr/bin/hostinfo      = unknown
/bin/machine           = unknown
/usr/bin/oslevel       = unknown
/bin/universe          = unknown

PATH: /usr/local/jdk-11.0.16/bin
PATH: /home/pcslara/.local/bin
PATH: /home/pcslara/bin
PATH: /usr/local/cuda-11.5/bin
PATH: /usr/condabin
PATH: /usr/local/jdk-11.0.16/bin
PATH: /usr/local/bin
PATH: /usr/local/sbin
PATH: /usr/bin
PATH: /usr/sbin
PATH: /var/lib/snapd/snap/bin
PATH: /home/pcslara/.cabal/bin


## ----------- ##
## Core tests. ##
## ----------- ##

configure:2377: checking for a BSD-compatible install
configure:2445: result: /usr/bin/install -c
configure:2456: checking whether build environment is sane
configure:2511: result: yes
configure:2662: checking for a thread-safe mkdir -p
configure:2701: result: /usr/bin/mkdir -p
configure:2708: checking for gawk
configure:2724: found /usr/bin/gawk
configure:2735: result: gawk
configure:2746: checking whether make sets $(MAKE)
configure:2768: result: yes
configure:2797: checking whether make supports nested variables
configure:2814: result: yes
configure:2951: checking for gawk
configure:2978: result: gawk
configure:3038: checking for gcc
configure:3054: found /usr/bin/gcc
configure:3065: result: gcc
configure:3294: checking for C compiler version
configure:3303: gcc --version >&5
gcc (GCC) 11.2.1 20211203 (Red Hat 11.2.1-7)
Copyright (C) 2021 Free Software Foundation, Inc.
This is free software; see the source for copying conditions.  There is NO
warranty; not even for MERCHANTABILITY or FITNESS FOR A PARTICULAR PURPOSE.

configure:3314: $? = 0
configure:3303: gcc -v >&5
Using built-in specs.
COLLECT_GCC=gcc
COLLECT_LTO_WRAPPER=/usr/libexec/gcc/x86_64-redhat-linux/11/lto-wrapper
OFFLOAD_TARGET_NAMES=nvptx-none
OFFLOAD_TARGET_DEFAULT=1
Target: x86_64-redhat-linux
Configured with: ../configure --enable-bootstrap --enable-languages=c,c++,fortran,objc,obj-c++,ada,go,d,lto --prefix=/usr --mandir=/usr/share/man --infodir=/usr/share/info --with-bugurl=http://bugzilla.redhat.com/bugzilla --enable-shared --enable-threads=posix --enable-checking=release --enable-multilib --with-system-zlib --enable-__cxa_atexit --disable-libunwind-exceptions --enable-gnu-unique-object --enable-linker-build-id --with-gcc-major-version-only --with-linker-hash-style=gnu --enable-plugin --enable-initfini-array --with-isl=/builddir/build/BUILD/gcc-11.2.1-20211203/obj-x86_64-redhat-linux/isl-install --enable-offload-targets=nvptx-none --without-cuda-driver --enable-gnu-indirect-function --enable-cet --with-tune=generic --with-arch_32=i686 --build=x86_64-redhat-linux --with-build-config=bootstrap-lto --enable-link-serialization=1
Thread model: posix
Supported LTO compression algorithms: zlib zstd
gcc version 11.2.1 20211203 (Red Hat 11.2.1-7) (GCC) 
... rest of stderr output deleted ...
configure:3314: $? = 0
configure:3303: gcc -V >&5
gcc: error: unrecognized command-line option '-V'
gcc: fatal error: no input files
compilation terminated.
configure:3314: $? = 1
configure:3303: gcc -qversion >&5
gcc: error: unrecognized command-line option '-qversion'; did you mean '--version'?
gcc: fatal error: no input files
compilation terminated.
configure:3314: $? = 1
configure:3334: checking whether the C compiler works
configure:3356: gcc    conftest.c  >&5
configure:3360: $? = 0
configure:3408: result: yes
configure:3411: checking for C compiler default output file name
configure:3413: result: a.out
configure:3419: checking for suffix of executables
configure:3426: gcc -o conftest    conftest.c  >&5
configure:3430: $? = 0
configure:3452: result: 
configure:3474: checking whether we are cross compiling
configure:3482: gcc -o conftest    conftest.c  >&5
configure:3486: $? = 0
configure:3493: ./conftest
configure:3497: $? = 0
configure:3512: result: no
configure:3517: checking for suffix of object files
configure:3539: gcc -c   conftest.c >&5
configure:3543: $? = 0
configure:3564: result: o
configure:3568: checking whether we are using the GNU C compiler
configure:3587: gcc -c   conftest.c >&5
configure:3587: $? = 0
configure:3596: result: yes
configure:3605: checking whether gcc accepts -g
configure:3625: gcc -c -g  conftest.c >&5
configure:3625: $? = 0
configure:3666: result: yes
configure:3683: checking for gcc option to accept ISO C89
configure:3746: gcc  -c -g -O2  conftest.c >&5
configure:3746: $? = 0
configure:3759: result: none needed
configure:3784: checking whether gcc understands -c and -o together
configure:3806: gcc -c conftest.c -o conftest2.o
configure:3809: $? = 0
configure:3806: gcc -c conftest.c -o conftest2.o
configure:3809: $? = 0
configure:3821: result: yes
configure:3849: checking for style of include used by make
configure:3877: result: GNU
configure:3903: checking dependency style of gcc
configure:4014: result: gcc3
configure:4033: checking for main in -lOpenCL
configure:4052: gcc -o conftest -g -O2   conftest.c -lOpenCL   >&5
configure:4052: $? = 0
configure:4061: result: yes
configure:4072: checking for main in -lm
configure:4091: gcc -o conftest -g -O2   conftest.c -lm   >&5
configure:4091: $? = 0
configure:4100: result: yes
configure:4118: checking how to run the C preprocessor
configure:4149: gcc -E  conftest.c
configure:4149: $? = 0
configure:4163: gcc -E  conftest.c
conftest.c:12:10: fatal error: ac_nonexistent.h: No such file or directory
   12 | #include <ac_nonexistent.h>
      |          ^~~~~~~~~~~~~~~~~~
compilation terminated.
configure:4163: $? = 1
configure: failed program was:
| /* confdefs.h */
| #define PACKAGE_NAME "FULL-PACKAGE-NAME"
| #define PACKAGE_TARNAME "full-package-name"
| #define PACKAGE_VERSION "VERSION"
| #define PACKAGE_STRING "FULL-PACKAGE-NAME VERSION"
| #define PACKAGE_BUGREPORT "BUG-REPORT-ADDRESS"
| #define PACKAGE_URL ""
| #define PACKAGE "neblina"
| #define VERSION "1.1.15"
| #define HAVE_LIBM 1
| /* end confdefs.h.  */
| #include <ac_nonexistent.h>
configure:4188: result: gcc -E
configure:4208: gcc -E  conftest.c
configure:4208: $? = 0
configure:4222: gcc -E  conftest.c
conftest.c:12:10: fatal error: ac_nonexistent.h: No such file or directory
   12 | #include <ac_nonexistent.h>
      |          ^~~~~~~~~~~~~~~~~~
compilation terminated.
configure:4222: $? = 1
configure: failed program was:
| /* confdefs.h */
| #define PACKAGE_NAME "FULL-PACKAGE-NAME"
| #define PACKAGE_TARNAME "full-package-name"
| #define PACKAGE_VERSION "VERSION"
| #define PACKAGE_STRING "FULL-PACKAGE-NAME VERSION"
| #define PACKAGE_BUGREPORT "BUG-REPORT-ADDRESS"
| #define PACKAGE_URL ""
| #define PACKAGE "neblina"
| #define VERSION "1.1.15"
| #define HAVE_LIBM 1
| /* end confdefs.h.  */
| #include <ac_nonexistent.h>
configure:4251: checking for grep that handles long lines and -e
configure:4309: result: /usr/bin/grep
configure:4314: checking for egrep
configure:4376: result: /usr/bin/grep -E
configure:4381: checking for ANSI C header files
configure:4401: gcc -c -g -O2  conftest.c >&5
configure:4401: $? = 0
configure:4474: gcc -o conftest -g -O2   conftest.c -lm  >&5
configure:4474: $? = 0
configure:4474: ./conftest
configure:4474: $? = 0
configure:4485: result: yes
configure:4498: checking for sys/types.h
configure:4498: gcc -c -g -O2  conftest.c >&5
configure:4498: $? = 0
configure:4498: result: yes
configure:4498: checking for sys/stat.h
configure:4498: gcc -c -g -O2  conftest.c >&5
configure:4498: $? = 0
configure:4498: result: yes
configure:4498: checking for stdlib.h
configure:4498: gcc -c -g -O2  conftest.c >&5
configure:4498: $? = 0
configure:4498: result: yes
configure:4498: checking for string.h
configure:4498: gcc -c -g -O2  conftest.c >&5
configure:4498: $? = 0
configure:4498: result: yes
configure:4498: checking for memory.h
configure:4498: gcc -c -g -O2  conftest.c >&5
configure:4498: $? = 0
configure:4498: result: yes
configure:4498: checking for strings.h
configure:4498: gcc -c -g -O2  conftest.c >&5
configure:4498: $? = 0
configure:4498: result: yes
configure:4498: checking for inttypes.h
configure:4498: gcc -c -g -O2  conftest.c >&5
configure:4498: $? = 0
configure:4498: result: yes
configure:4498: checking for stdint.h
configure:4498: gcc -c -g -O2  conftest.c >&5
configure:4498: $? = 0
configure:4498: result: yes
configure:4498: checking for unistd.h
configure:4498: gcc -c -g -O2  conftest.c >&5
configure:4498: $? = 0
configure:4498: result: yes
configure:4510: checking for size_t
configure:4510: gcc -c -g -O2  conftest.c >&5
configure:4510: $? = 0
configure:4510: gcc -c -g -O2  conftest.c >&5
conftest.c: In function 'main':
conftest.c:58:21: error: expected expression before ')' token
   58 | if (sizeof ((size_t)))
      |                     ^
configure:4510: $? = 1
configure: failed program was:
| /* confdefs.h */
| #define PACKAGE_NAME "FULL-PACKAGE-NAME"
| #define PACKAGE_TARNAME "full-package-name"
| #define PACKAGE_VERSION "VERSION"
| #define PACKAGE_STRING "FULL-PACKAGE-NAME VERSION"
| #define PACKAGE_BUGREPORT "BUG-REPORT-ADDRESS"
| #define PACKAGE_URL ""
| #define PACKAGE "neblina"
| #define VERSION "1.1.15"
| #define HAVE_LIBM 1
| #define STDC_HEADERS 1
| #define HAVE_SYS_TYPES_H 1
| #define HAVE_SYS_STAT_H 1
| #define HAVE_STDLIB_H 1
| #define HAVE_STRING_H 1
| #define HAVE_MEMORY_H 1
| #define HAVE_STRINGS_H 1
| #define HAVE_INTTYPES_H 1
| #define HAVE_STDINT_H 1
| #define HAVE_UNISTD_H 1
| /* end confdefs.h.  */
| #include <stdio.h>
| #ifdef HAVE_SYS_TYPES_H
| # include <sys/types.h>
| #endif
| #ifdef HAVE_SYS_STAT_H
| # include <sys/stat.h>
| #endif
| #ifdef STDC_HEADERS
| # include <stdlib.h>
| # include <stddef.h>
| #else
| # ifdef HAVE_STDLIB_H
| #  include <stdlib.h>
| # endif
| #endif
| #ifdef HAVE_STRING_H
| # if !defined STDC_HEADERS && defined HAVE_MEMORY_H
| #  include <memory.h>
| # endif
| # include <string.h>
| #endif
| #ifdef HAVE_STRINGS_H
| # include <strings.h>
| #endif
| #ifdef HAVE_INTTYPES_H
| # include <inttypes.h>
| #endif
| #ifdef HAVE_STDINT_H
| # include <stdint.h>
| #endif
| #ifdef HAVE_UNISTD_H
| # include <unistd.h>
| #endif
| int
| main ()
| {
| if (sizeof ((size_t)))
| 	    return 0;
|   ;
|   return 0;
| }
configure:4510: result: yes
configure:4523: checking for working alloca.h
configure:4540: gcc -o conftest -g -O2   conftest.c -lm  >&5
configure:4540: $? = 0
configure:4548: result: yes
configure:4556: checking for alloca
configure:4593: gcc -o conftest -g -O2   conftest.c -lm  >&5
configure:4593: $? = 0
configure:4601: result: yes
configure:4715: checking for inttypes.h
configure:4715: result: yes
configure:4715: checking libintl.h usability
configure:4715: gcc -c -g -O2  conftest.c >&5
configure:4715: $? = 0
configure:4715: result: yes
configure:4715: checking libintl.h presence
configure:4715: gcc -E  conftest.c
configure:4715: $? = 0
configure:4715: result: yes
configure:4715: checking for libintl.h
configure:4715: result: yes
configure:4715: checking malloc.h usability
configure:4715: gcc -c -g -O2  conftest.c >&5
configure:4715: $? = 0
configure:4715: result: yes
configure:4715: checking malloc.h presence
configure:4715: gcc -E  conftest.c
configure:4715: $? = 0
configure:4715: result: yes
configure:4715: checking for malloc.h
configure:4715: result: yes
configure:4715: checking math.h usability
configure:4715: gcc -c -g -O2  conftest.c >&5
configure:4715: $? = 0
configure:4715: result: yes
configure:4715: checking math.h presence
configure:4715: gcc -E  conftest.c
configure:4715: $? = 0
configure:4715: result: yes
configure:4715: checking for math.h
configure:4715: result: yes
configure:4715: checking stdio.h usability
configure:4715: gcc -c -g -O2  conftest.c >&5
configure:4715: $? = 0
configure:4715: result: yes
configure:4715: checking stdio.h presence
configure:4715: gcc -E  conftest.c
configure:4715: $? = 0
configure:4715: result: yes
configure:4715: checking for stdio.h
configure:4715: result: yes
configure:4715: checking stddef.h usability
configure:4715: gcc -c -g -O2  conftest.c >&5
configure:4715: $? = 0
configure:4715: result: yes
configure:4715: checking stddef.h presence
configure:4715: gcc -E  conftest.c
configure:4715: $? = 0
configure:4715: result: yes
configure:4715: checking for stddef.h
configure:4715: result: yes
configure:4715: checking for stdlib.h
configure:4715: result: yes
configure:4715: checking for string.h
configure:4715: result: yes
configure:4715: checking sys/time.h usability
configure:4715: gcc -c -g -O2  conftest.c >&5
configure:4715: $? = 0
configure:4715: result: yes
configure:4715: checking sys/time.h presence
configure:4715: gcc -E  conftest.c
configure:4715: $? = 0
configure:4715: result: yes
configure:4715: checking for sys/time.h
configure:4715: result: yes
configure:4715: checking for unistd.h
configure:4715: result: yes
configure:4726: checking for inline
configure:4742: gcc -c -g -O2  conftest.c >&5
configure:4742: $? = 0
configure:4750: result: inline
configure:4768: checking for int16_t
configure:4768: gcc -c -g -O2  conftest.c >&5
configure:4768: $? = 0
configure:4768: gcc -c -g -O2  conftest.c >&5
conftest.c: In function 'main':
conftest.c:71:12: error: size of array 'test_array' is negative
   71 | static int test_array [1 - 2 * !((int16_t) (((((int16_t) 1 << N) << N) - 1) * 2 + 1)
      |            ^~~~~~~~~~
configure:4768: $? = 1
configure: failed program was:
| /* confdefs.h */
| #define PACKAGE_NAME "FULL-PACKAGE-NAME"
| #define PACKAGE_TARNAME "full-package-name"
| #define PACKAGE_VERSION "VERSION"
| #define PACKAGE_STRING "FULL-PACKAGE-NAME VERSION"
| #define PACKAGE_BUGREPORT "BUG-REPORT-ADDRESS"
| #define PACKAGE_URL ""
| #define PACKAGE "neblina"
| #define VERSION "1.1.15"
| #define HAVE_LIBM 1
| #define STDC_HEADERS 1
| #define HAVE_SYS_TYPES_H 1
| #define HAVE_SYS_STAT_H 1
| #define HAVE_STDLIB_H 1
| #define HAVE_STRING_H 1
| #define HAVE_MEMORY_H 1
| #define HAVE_STRINGS_H 1
| #define HAVE_INTTYPES_H 1
| #define HAVE_STDINT_H 1
| #define HAVE_UNISTD_H 1
| #define HAVE_ALLOCA_H 1
| #define HAVE_ALLOCA 1
| #define HAVE_INTTYPES_H 1
| #define HAVE_LIBINTL_H 1
| #define HAVE_MALLOC_H 1
| #define HAVE_MATH_H 1
| #define HAVE_STDIO_H 1
| #define HAVE_STDDEF_H 1
| #define HAVE_STDLIB_H 1
| #define HAVE_STRING_H 1
| #define HAVE_SYS_TIME_H 1
| #define HAVE_UNISTD_H 1
| /* end confdefs.h.  */
| #include <stdio.h>
| #ifdef HAVE_SYS_TYPES_H
| # include <sys/types.h>
| #endif
| #ifdef HAVE_SYS_STAT_H
| # include <sys/stat.h>
| #endif
| #ifdef STDC_HEADERS
| # include <stdlib.h>
| # include <stddef.h>
| #else
| # ifdef HAVE_STDLIB_H
| #  include <stdlib.h>
| # endif
| #endif
| #ifdef HAVE_STRING_H
| # if !defined STDC_HEADERS && defined HAVE_MEMORY_H
| #  include <memory.h>
| # endif
| # include <string.h>
| #endif
| #ifdef HAVE_STRINGS_H
| # include <strings.h>
| #endif
| #ifdef HAVE_INTTYPES_H
| # include <inttypes.h>
| #endif
| #ifdef HAVE_STDINT_H
| # include <stdint.h>
| #endif
| #ifdef HAVE_UNISTD_H
| # include <unistd.h>
| #endif
| 	        enum { N = 16 / 2 - 1 };
| int
| main ()
| {
| static int test_array [1 - 2 * !((int16_t) (((((int16_t) 1 << N) << N) - 1) * 2 + 1)
| 		 < (int16_t) (((((int16_t) 1 << N) << N) - 1) * 2 + 2))];
| test_array [0] = 0;
| return test_array [0];
| 
|   ;
|   return 0;
| }
configure:4768: result: yes
configure:4779: checking for int32_t
configure:4779: gcc -c -g -O2  conftest.c >&5
configure:4779: $? = 0
configure:4779: gcc -c -g -O2  conftest.c >&5
conftest.c: In function 'main':
conftest.c:72:67: warning: integer overflow in expression of type 'int' results in '-2147483648' [-Woverflow]
   72 |                  < (int32_t) (((((int32_t) 1 << N) << N) - 1) * 2 + 2))];
      |                                                                   ^
conftest.c:71:12: error: storage size of 'test_array' isn't constant
   71 | static int test_array [1 - 2 * !((int32_t) (((((int32_t) 1 << N) << N) - 1) * 2 + 1)
      |            ^~~~~~~~~~
configure:4779: $? = 1
configure: failed program was:
| /* confdefs.h */
| #define PACKAGE_NAME "FULL-PACKAGE-NAME"
| #define PACKAGE_TARNAME "full-package-name"
| #define PACKAGE_VERSION "VERSION"
| #define PACKAGE_STRING "FULL-PACKAGE-NAME VERSION"
| #define PACKAGE_BUGREPORT "BUG-REPORT-ADDRESS"
| #define PACKAGE_URL ""
| #define PACKAGE "neblina"
| #define VERSION "1.1.15"
| #define HAVE_LIBM 1
| #define STDC_HEADERS 1
| #define HAVE_SYS_TYPES_H 1
| #define HAVE_SYS_STAT_H 1
| #define HAVE_STDLIB_H 1
| #define HAVE_STRING_H 1
| #define HAVE_MEMORY_H 1
| #define HAVE_STRINGS_H 1
| #define HAVE_INTTYPES_H 1
| #define HAVE_STDINT_H 1
| #define HAVE_UNISTD_H 1
| #define HAVE_ALLOCA_H 1
| #define HAVE_ALLOCA 1
| #define HAVE_INTTYPES_H 1
| #define HAVE_LIBINTL_H 1
| #define HAVE_MALLOC_H 1
| #define HAVE_MATH_H 1
| #define HAVE_STDIO_H 1
| #define HAVE_STDDEF_H 1
| #define HAVE_STDLIB_H 1
| #define HAVE_STRING_H 1
| #define HAVE_SYS_TIME_H 1
| #define HAVE_UNISTD_H 1
| /* end confdefs.h.  */
| #include <stdio.h>
| #ifdef HAVE_SYS_TYPES_H
| # include <sys/types.h>
| #endif
| #ifdef HAVE_SYS_STAT_H
| # include <sys/stat.h>
| #endif
| #ifdef STDC_HEADERS
| # include <stdlib.h>
| # include <stddef.h>
| #else
| # ifdef HAVE_STDLIB_H
| #  include <stdlib.h>
| # endif
| #endif
| #ifdef HAVE_STRING_H
| # if !defined STDC_HEADERS && defined HAVE_MEMORY_H
| #  include <memory.h>
| # endif
| # include <string.h>
| #endif
| #ifdef HAVE_STRINGS_H
| # include <strings.h>
| #endif
| #ifdef HAVE_INTTYPES_H
| # include <inttypes.h>
| #endif
| #ifdef HAVE_STDINT_H
| # include <stdint.h>
| #endif
| #ifdef HAVE_UNISTD_H
| # include <unistd.h>
| #endif
| 	        enum { N = 32 / 2 - 1 };
| int
| main ()
| {
| static int test_array [1 - 2 * !((int32_t) (((((int32_t) 1 << N) << N) - 1) * 2 + 1)
| 		 < (int32_t) (((((int32_t) 1 << N) << N) - 1) * 2 + 2))];
| test_array [0] = 0;
| return test_array [0];
| 
|   ;
|   return 0;
| }
configure:4779: result: yes
configure:4790: checking for int8_t
configure:4790: gcc -c -g -O2  conftest.c >&5
configure:4790: $? = 0
configure:4790: gcc -c -g -O2  conftest.c >&5
conftest.c: In function 'main':
conftest.c:71:12: error: size of array 'test_array' is negative
   71 | static int test_array [1 - 2 * !((int8_t) (((((int8_t) 1 << N) << N) - 1) * 2 + 1)
      |            ^~~~~~~~~~
configure:4790: $? = 1
configure: failed program was:
| /* confdefs.h */
| #define PACKAGE_NAME "FULL-PACKAGE-NAME"
| #define PACKAGE_TARNAME "full-package-name"
| #define PACKAGE_VERSION "VERSION"
| #define PACKAGE_STRING "FULL-PACKAGE-NAME VERSION"
| #define PACKAGE_BUGREPORT "BUG-REPORT-ADDRESS"
| #define PACKAGE_URL ""
| #define PACKAGE "neblina"
| #define VERSION "1.1.15"
| #define HAVE_LIBM 1
| #define STDC_HEADERS 1
| #define HAVE_SYS_TYPES_H 1
| #define HAVE_SYS_STAT_H 1
| #define HAVE_STDLIB_H 1
| #define HAVE_STRING_H 1
| #define HAVE_MEMORY_H 1
| #define HAVE_STRINGS_H 1
| #define HAVE_INTTYPES_H 1
| #define HAVE_STDINT_H 1
| #define HAVE_UNISTD_H 1
| #define HAVE_ALLOCA_H 1
| #define HAVE_ALLOCA 1
| #define HAVE_INTTYPES_H 1
| #define HAVE_LIBINTL_H 1
| #define HAVE_MALLOC_H 1
| #define HAVE_MATH_H 1
| #define HAVE_STDIO_H 1
| #define HAVE_STDDEF_H 1
| #define HAVE_STDLIB_H 1
| #define HAVE_STRING_H 1
| #define HAVE_SYS_TIME_H 1
| #define HAVE_UNISTD_H 1
| /* end confdefs.h.  */
| #include <stdio.h>
| #ifdef HAVE_SYS_TYPES_H
| # include <sys/types.h>
| #endif
| #ifdef HAVE_SYS_STAT_H
| # include <sys/stat.h>
| #endif
| #ifdef STDC_HEADERS
| # include <stdlib.h>
| # include <stddef.h>
| #else
| # ifdef HAVE_STDLIB_H
| #  include <stdlib.h>
| # endif
| #endif
| #ifdef HAVE_STRING_H
| # if !defined STDC_HEADERS && defined HAVE_MEMORY_H
| #  include <memory.h>
| # endif
| # include <string.h>
| #endif
| #ifdef HAVE_STRINGS_H
| # include <strings.h>
| #endif
| #ifdef HAVE_INTTYPES_H
| # include <inttypes.h>
| #endif
| #ifdef HAVE_STDINT_H
| # include <stdint.h>
| #endif
| #ifdef HAVE_UNISTD_H
| # include <unistd.h>
| #endif
| 	        enum { N = 8 / 2 - 1 };
| int
| main ()
| {
| static int test_array [1 - 2 * !((int8_t) (((((int8_t) 1 << N) << N) - 1) * 2 + 1)
| 		 < (int8_t) (((((int8_t) 1 << N) << N) - 1) * 2 + 2))];
| test_array [0] = 0;
| return test_array [0];
| 
|   ;
|   return 0;
| }
configure:4790: result: yes
configure:4801: checking for size_t
configure:4801: result: yes
configure:4812: checking for uint16_t
configure:4812: gcc -c -g -O2  conftest.c >&5
configure:4812: $? = 0
configure:4812: result: yes
configure:4824: checking for uint32_t
configure:4824: gcc -c -g -O2  conftest.c >&5
configure:4824: $? = 0
configure:4824: result: yes
configure:4838: checking for uint8_t
configure:4838: gcc -c -g -O2  conftest.c >&5
configure:4838: $? = 0
configure:4838: result: yes
configure:4856: checking for stdlib.h
configure:4856: result: yes
configure:4866: checking for GNU libc compatible malloc
configure:4890: gcc -o conftest -g -O2   conftest.c -lm  >&5
configure:4890: $? = 0
configure:4890: ./conftest
configure:4890: $? = 0
configure:4900: result: yes
configure:4923: checking for stdlib.h
configure:4923: result: yes
configure:4933: checking for GNU libc compatible realloc
configure:4957: gcc -o conftest -g -O2   conftest.c -lm  >&5
configure:4957: $? = 0
configure:4957: ./conftest
configure:4957: $? = 0
configure:4967: result: yes
configure:4991: checking for gettimeofday
configure:4991: gcc -o conftest -g -O2   conftest.c -lm  >&5
configure:4991: $? = 0
configure:4991: result: yes
configure:4991: checking for printf
configure:4991: gcc -o conftest -g -O2   conftest.c -lm  >&5
conftest.c:62:6: warning: conflicting types for built-in function 'printf'; expected 'int(const char *, ...)' [-Wbuiltin-declaration-mismatch]
   62 | char printf ();
      |      ^~~~~~
conftest.c:50:1: note: 'printf' is declared in header '<stdio.h>'
   49 | # include <limits.h>
   50 | #else
configure:4991: $? = 0
configure:4991: result: yes
configure:4991: checking for fprintf
configure:4991: gcc -o conftest -g -O2   conftest.c -lm  >&5
conftest.c:63:6: warning: conflicting types for built-in function 'fprintf'; expected 'int(void *, const char *, ...)' [-Wbuiltin-declaration-mismatch]
   63 | char fprintf ();
      |      ^~~~~~~
conftest.c:51:1: note: 'fprintf' is declared in header '<stdio.h>'
   50 | # include <limits.h>
   51 | #else
configure:4991: $? = 0
configure:4991: result: yes
configure:4991: checking for memset
configure:4991: gcc -o conftest -g -O2   conftest.c -lm  >&5
conftest.c:64:6: warning: conflicting types for built-in function 'memset'; expected 'void *(void *, int,  long unsigned int)' [-Wbuiltin-declaration-mismatch]
   64 | char memset ();
      |      ^~~~~~
conftest.c:52:1: note: 'memset' is declared in header '<string.h>'
   51 | # include <limits.h>
   52 | #else
configure:4991: $? = 0
configure:4991: result: yes
configure:4991: checking for sqrt
configure:4991: gcc -o conftest -g -O2   conftest.c -lm  >&5
conftest.c:65:6: warning: conflicting types for built-in function 'sqrt'; expected 'double(double)' [-Wbuiltin-declaration-mismatch]
   65 | char sqrt ();
      |      ^~~~
conftest.c:53:1: note: 'sqrt' is declared in header '<math.h>'
   52 | # include <limits.h>
   53 | #else
configure:4991: $? = 0
configure:4991: result: yes
configure:4991: checking for cos
configure:4991: gcc -o conftest -g -O2   conftest.c -lm  >&5
conftest.c:66:6: warning: conflicting types for built-in function 'cos'; expected 'double(double)' [-Wbuiltin-declaration-mismatch]
   66 | char cos ();
      |      ^~~
conftest.c:54:1: note: 'cos' is declared in header '<math.h>'
   53 | # include <limits.h>
   54 | #else
configure:4991: $? = 0
configure:4991: result: yes
configure:4991: checking for sin
configure:4991: gcc -o conftest -g -O2   conftest.c -lm  >&5
conftest.c:67:6: warning: conflicting types for built-in function 'sin'; expected 'double(double)' [-Wbuiltin-declaration-mismatch]
   67 | char sin ();
      |      ^~~
conftest.c:55:1: note: 'sin' is declared in header '<math.h>'
   54 | # include <limits.h>
   55 | #else
configure:4991: $? = 0
configure:4991: result: yes
configure:4991: checking for tan
configure:4991: gcc -o conftest -g -O2   conftest.c -lm  >&5
conftest.c:68:6: warning: conflicting types for built-in function 'tan'; expected 'double(double)' [-Wbuiltin-declaration-mismatch]
   68 | char tan ();
      |      ^~~
conftest.c:56:1: note: 'tan' is declared in header '<math.h>'
   55 | # include <limits.h>
   56 | #else
configure:4991: $? = 0
configure:4991: result: yes
configure:4991: checking for acos
configure:4991: gcc -o conftest -g -O2   conftest.c -lm  >&5
conftest.c:69:6: warning: conflicting types for built-in function 'acos'; expected 'double(double)' [-Wbuiltin-declaration-mismatch]
   69 | char acos ();
      |      ^~~~
conftest.c:57:1: note: 'acos' is declared in header '<math.h>'
   56 | # include <limits.h>
   57 | #else
configure:4991: $? = 0
configure:4991: result: yes
configure:4991: checking for asin
configure:4991: gcc -o conftest -g -O2   conftest.c -lm  >&5
conftest.c:70:6: warning: conflicting types for built-in function 'asin'; expected 'double(double)' [-Wbuiltin-declaration-mismatch]
   70 | char asin ();
      |      ^~~~
conftest.c:58:1: note: 'asin' is declared in header '<math.h>'
   57 | # include <limits.h>
   58 | #else
configure:4991: $? = 0
configure:4991: result: yes
configure:4991: checking for atan
configure:4991: gcc -o conftest -g -O2   conftest.c -lm  >&5
conftest.c:71:6: warning: conflicting types for built-in function 'atan'; expected 'double(double)' [-Wbuiltin-declaration-mismatch]
   71 | char atan ();
      |      ^~~~
conftest.c:59:1: note: 'atan' is declared in header '<math.h>'
   58 | # include <limits.h>
   59 | #else
configure:4991: $? = 0
configure:4991: result: yes
configure:4991: checking for sinh
configure:4991: gcc -o conftest -g -O2   conftest.c -lm  >&5
conftest.c:72:6: warning: conflicting types for built-in function 'sinh'; expected 'double(double)' [-Wbuiltin-declaration-mismatch]
   72 | char sinh ();
      |      ^~~~
conftest.c:60:1: note: 'sinh' is declared in header '<math.h>'
   59 | # include <limits.h>
   60 | #else
configure:4991: $? = 0
configure:4991: result: yes
configure:4991: checking for cosh
configure:4991: gcc -o conftest -g -O2   conftest.c -lm  >&5
conftest.c:73:6: warning: conflicting types for built-in function 'cosh'; expected 'double(double)' [-Wbuiltin-declaration-mismatch]
   73 | char cosh ();
      |      ^~~~
conftest.c:61:1: note: 'cosh' is declared in header '<math.h>'
   60 | # include <limits.h>
   61 | #else
configure:4991: $? = 0
configure:4991: result: yes
configure:4991: checking for sinh
configure:4991: result: yes
configure:4991: checking for exp
configure:4991: gcc -o conftest -g -O2   conftest.c -lm  >&5
conftest.c:75:6: warning: conflicting types for built-in function 'exp'; expected 'double(double)' [-Wbuiltin-declaration-mismatch]
   75 | char exp ();
      |      ^~~
conftest.c:63:1: note: 'exp' is declared in header '<math.h>'
   62 | # include <limits.h>
   63 | #else
configure:4991: $? = 0
configure:4991: result: yes
configure:4991: checking for floor
configure:4991: gcc -o conftest -g -O2   conftest.c -lm  >&5
conftest.c:76:6: warning: conflicting types for built-in function 'floor'; expected 'double(double)' [-Wbuiltin-declaration-mismatch]
   76 | char floor ();
      |      ^~~~~
conftest.c:64:1: note: 'floor' is declared in header '<math.h>'
   63 | # include <limits.h>
   64 | #else
configure:4991: $? = 0
configure:4991: result: yes
configure:4991: checking for ceil
configure:4991: gcc -o conftest -g -O2   conftest.c -lm  >&5
conftest.c:77:6: warning: conflicting types for built-in function 'ceil'; expected 'double(double)' [-Wbuiltin-declaration-mismatch]
   77 | char ceil ();
      |      ^~~~
conftest.c:65:1: note: 'ceil' is declared in header '<math.h>'
   64 | # include <limits.h>
   65 | #else
configure:4991: $? = 0
configure:4991: result: yes
configure:4991: checking for round
configure:4991: gcc -o conftest -g -O2   conftest.c -lm  >&5
conftest.c:78:6: warning: conflicting types for built-in function 'round'; expected 'double(double)' [-Wbuiltin-declaration-mismatch]
   78 | char round ();
      |      ^~~~~
conftest.c:66:1: note: 'round' is declared in header '<math.h>'
   65 | # include <limits.h>
   66 | #else
configure:4991: $? = 0
configure:4991: result: yes
configure:4991: checking for pow
configure:4991: gcc -o conftest -g -O2   conftest.c -lm  >&5
conftest.c:79:6: warning: conflicting types for built-in function 'pow'; expected 'double(double,  double)' [-Wbuiltin-declaration-mismatch]
   79 | char pow ();
      |      ^~~
conftest.c:67:1: note: 'pow' is declared in header '<math.h>'
   66 | # include <limits.h>
   67 | #else
configure:4991: $? = 0
configure:4991: result: yes
configure:4991: checking for log
configure:4991: gcc -o conftest -g -O2   conftest.c -lm  >&5
conftest.c:80:6: warning: conflicting types for built-in function 'log'; expected 'double(double)' [-Wbuiltin-declaration-mismatch]
   80 | char log ();
      |      ^~~
conftest.c:68:1: note: 'log' is declared in header '<math.h>'
   67 | # include <limits.h>
   68 | #else
configure:4991: $? = 0
configure:4991: result: yes
configure:4991: checking for abs
configure:4991: gcc -o conftest -g -O2   conftest.c -lm  >&5
conftest.c:81:6: warning: conflicting types for built-in function 'abs'; expected 'int(int)' [-Wbuiltin-declaration-mismatch]
   81 | char abs ();
      |      ^~~
conftest.c:69:1: note: 'abs' is declared in header '<stdlib.h>'
   68 | # include <limits.h>
   69 | #else
configure:4991: $? = 0
configure:4991: result: yes
configure:4991: checking for fabs
configure:4991: gcc -o conftest -g -O2   conftest.c -lm  >&5
conftest.c:82:6: warning: conflicting types for built-in function 'fabs'; expected 'double(double)' [-Wbuiltin-declaration-mismatch]
   82 | char fabs ();
      |      ^~~~
conftest.c:70:1: note: 'fabs' is declared in header '<math.h>'
   69 | # include <limits.h>
   70 | #else
configure:4991: $? = 0
configure:4991: result: yes
configure:4991: checking for time
configure:4991: gcc -o conftest -g -O2   conftest.c -lm  >&5
configure:4991: $? = 0
configure:4991: result: yes
configure:4991: checking for gettimeofday
configure:4991: result: yes
configure:5104: checking that generated files are newer than configure
configure:5110: result: done
configure:5133: creating ./config.status

## ---------------------- ##
## Running config.status. ##
## ---------------------- ##

This file was extended by FULL-PACKAGE-NAME config.status VERSION, which was
generated by GNU Autoconf 2.69.  Invocation command line was

  CONFIG_FILES    = 
  CONFIG_HEADERS  = 
  CONFIG_LINKS    = 
  CONFIG_COMMANDS = 
  $ ./config.status 

on fedora

config.status:894: creating Makefile
config.status:894: creating config.h
config.status:1075: config.h is unchanged
config.status:1123: executing depfiles commands

## ---------------- ##
## Cache variables. ##
## ---------------- ##

ac_cv_c_compiler_gnu=yes
ac_cv_c_inline=inline
ac_cv_c_int16_t=yes
ac_cv_c_int32_t=yes
ac_cv_c_int8_t=yes
ac_cv_c_uint16_t=yes
ac_cv_c_uint32_t=yes
ac_cv_c_uint8_t=yes
ac_cv_env_CC_set=
ac_cv_env_CC_value=
ac_cv_env_CFLAGS_set=
ac_cv_env_CFLAGS_value=
ac_cv_env_CPPFLAGS_set=
ac_cv_env_CPPFLAGS_value=
ac_cv_env_CPP_set=
ac_cv_env_CPP_value=
ac_cv_env_LDFLAGS_set=
ac_cv_env_LDFLAGS_value=
ac_cv_env_LIBS_set=
ac_cv_env_LIBS_value=
ac_cv_env_build_alias_set=
ac_cv_env_build_alias_value=
ac_cv_env_host_alias_set=
ac_cv_env_host_alias_value=
ac_cv_env_target_alias_set=
ac_cv_env_target_alias_value=
ac_cv_func_abs=yes
ac_cv_func_acos=yes
ac_cv_func_alloca_works=yes
ac_cv_func_asin=yes
ac_cv_func_atan=yes
ac_cv_func_ceil=yes
ac_cv_func_cos=yes
ac_cv_func_cosh=yes
ac_cv_func_exp=yes
ac_cv_func_fabs=yes
ac_cv_func_floor=yes
ac_cv_func_fprintf=yes
ac_cv_func_gettimeofday=yes
ac_cv_func_log=yes
ac_cv_func_malloc_0_nonnull=yes
ac_cv_func_memset=yes
ac_cv_func_pow=yes
ac_cv_func_printf=yes
ac_cv_func_realloc_0_nonnull=yes
ac_cv_func_round=yes
ac_cv_func_sin=yes
ac_cv_func_sinh=yes
ac_cv_func_sqrt=yes
ac_cv_func_tan=yes
ac_cv_func_time=yes
ac_cv_header_inttypes_h=yes
ac_cv_header_libintl_h=yes
ac_cv_header_malloc_h=yes
ac_cv_header_math_h=yes
ac_cv_header_memory_h=yes
ac_cv_header_stdc=yes
ac_cv_header_stddef_h=yes
ac_cv_header_stdint_h=yes
ac_cv_header_stdio_h=yes
ac_cv_header_stdlib_h=yes
ac_cv_header_string_h=yes
ac_cv_header_strings_h=yes
ac_cv_header_sys_stat_h=yes
ac_cv_header_sys_time_h=yes
ac_cv_header_sys_types_h=yes
ac_cv_header_unistd_h=yes
ac_cv_lib_OpenCL_main=yes
ac_cv_lib_m_main=yes
ac_cv_objext=o
ac_cv_path_EGREP='/usr/bin/grep -E'
ac_cv_path_GREP=/usr/bin/grep
ac_cv_path_install='/usr/bin/install -c'
ac_cv_path_mkdir=/usr/bin/mkdir
ac_cv_prog_AWK=gawk
ac_cv_prog_CPP='gcc -E'
ac_cv_prog_ac_ct_CC=gcc
ac_cv_prog_cc_c89=
ac_cv_prog_cc_g=yes
ac_cv_prog_make_make_set=yes
ac_cv_type_size_t=yes
ac_cv_working_alloca_h=yes
am_cv_CC_dependencies_compiler_type=gcc3
am_cv_make_support_nested_variables=yes
am_cv_prog_cc_c_o=yes

## ----------------- ##
## Output variables. ##
## ----------------- ##

ACLOCAL='${SHELL} /home/pcslara/Dropbox/AHEAR/neblina/missing aclocal-1.15'
ALLOCA=''
AMDEPBACKSLASH='\'
AMDEP_FALSE='#'
AMDEP_TRUE=''
AMTAR='$${TAR-tar}'
AM_BACKSLASH='\'
AM_DEFAULT_V='$(AM_DEFAULT_VERBOSITY)'
AM_DEFAULT_VERBOSITY='1'
AM_V='$(V)'
AUTOCONF='${SHELL} /home/pcslara/Dropbox/AHEAR/neblina/missing autoconf'
AUTOHEADER='${SHELL} /home/pcslara/Dropbox/AHEAR/neblina/missing autoheader'
AUTOMAKE='${SHELL} /home/pcslara/Dropbox/AHEAR/neblina/missing automake-1.15'
AWK='gawk'
CC='gcc'
CCDEPMODE='depmode=gcc3'
CFLAGS='-g -O2'
CPP='gcc -E'
CPPFLAGS=''
CYGPATH_W='echo'
DEFS='-DHAVE_CONFIG_H'
DEPDIR='.deps'
ECHO_C=''
ECHO_N='-n'
ECHO_T=''
EGREP='/usr/bin/grep -E'
EXEEXT=''
GREP='/usr/bin/grep'
INSTALL_DATA='${INSTALL} -m 644'
INSTALL_PROGRAM='${INSTALL}'
INSTALL_SCRIPT='${INSTALL}'
INSTALL_STRIP_PROGRAM='$(install_sh) -c -s'
LDFLAGS=''
LIBOBJS=''
LIBS='-lm '
LTLIBOBJS=''
MAKEINFO='${SHELL} /home/pcslara/Dropbox/AHEAR/neblina/missing makeinfo'
MKDIR_P='/usr/bin/mkdir -p'
OBJEXT='o'
PACKAGE='neblina'
PACKAGE_BUGREPORT='BUG-REPORT-ADDRESS'
PACKAGE_NAME='FULL-PACKAGE-NAME'
PACKAGE_STRING='FULL-PACKAGE-NAME VERSION'
PACKAGE_TARNAME='full-package-name'
PACKAGE_URL=''
PACKAGE_VERSION='VERSION'
PATH_SEPARATOR=':'
SET_MAKE=''
SHELL='/bin/sh'
STRIP=''
VERSION='1.1.15'
ac_ct_CC='gcc'
am__EXEEXT_FALSE=''
am__EXEEXT_TRUE='#'
am__fastdepCC_FALSE='#'
am__fastdepCC_TRUE=''
am__include='include'
am__isrc=''
am__leading_dot='.'
am__nodep='_no'
am__quote=''
am__tar='$${TAR-tar} chof - "$$tardir"'
am__untar='$${TAR-tar} xf -'
bindir='${exec_prefix}/bin'
build_alias=''
datadir='${datarootdir}'
datarootdir='${prefix}/share'
docdir='${datarootdir}/doc/${PACKAGE_TARNAME}'
dvidir='${docdir}'
exec_prefix='${prefix}'
host_alias=''
htmldir='${docdir}'
includedir='${prefix}/include'
infodir='${datarootdir}/info'
install_sh='${SHELL} /home/pcslara/Dropbox/AHEAR/neblina/install-sh'
libdir='${exec_prefix}/lib'
libexecdir='${exec_prefix}/libexec'
localedir='${datarootdir}/locale'
localstatedir='${prefix}/var'
mandir='${datarootdir}/man'
mkdir_p='$(MKDIR_P)'
oldincludedir='/usr/include'
pdfdir='${docdir}'
prefix='/usr/local'
program_transform_name='s,x,x,'
psdir='${docdir}'
sbindir='${exec_prefix}/sbin'
sharedstatedir='${prefix}/com'
sysconfdir='${prefix}/etc'
target_alias=''

## ----------- ##
## confdefs.h. ##
## ----------- ##

/* confdefs.h */
#define PACKAGE_NAME "FULL-PACKAGE-NAME"
#define PACKAGE_TARNAME "full-package-name"
#define PACKAGE_VERSION "VERSION"
#define PACKAGE_STRING "FULL-PACKAGE-NAME VERSION"
#define PACKAGE_BUGREPORT "BUG-REPORT-ADDRESS"
#define PACKAGE_URL ""
#define PACKAGE "neblina"
#define VERSION "1.1.15"
#define HAVE_LIBM 1
#define STDC_HEADERS 1
#define HAVE_SYS_TYPES_H 1
#define HAVE_SYS_STAT_H 1
#define HAVE_STDLIB_H 1
#define HAVE_STRING_H 1
#define HAVE_MEMORY_H 1
#define HAVE_STRINGS_H 1
#define HAVE_INTTYPES_H 1
#define HAVE_STDINT_H 1
#define HAVE_UNISTD_H 1
#define HAVE_ALLOCA_H 1
#define HAVE_ALLOCA 1
#define HAVE_INTTYPES_H 1
#define HAVE_LIBINTL_H 1
#define HAVE_MALLOC_H 1
#define HAVE_MATH_H 1
#define HAVE_STDIO_H 1
#define HAVE_STDDEF_H 1
#define HAVE_STDLIB_H 1
#define HAVE_STRING_H 1
#define HAVE_SYS_TIME_H 1
#define HAVE_UNISTD_H 1
#define HAVE_STDLIB_H 1
#define HAVE_MALLOC 1
#define HAVE_STDLIB_H 1
#define HAVE_REALLOC 1
#define HAVE_GETTIMEOFDAY 1
#define HAVE_PRINTF 1
#define HAVE_FPRINTF 1
#define HAVE_MEMSET 1
#define HAVE_SQRT 1
#define HAVE_COS 1
#define HAVE_SIN 1
#define HAVE_TAN 1
#define HAVE_ACOS 1
#define HAVE_ASIN 1
#define HAVE_ATAN 1
#define HAVE_SINH 1
#define HAVE_COSH 1
#define HAVE_SINH 1
#define HAVE_EXP 1
#define HAVE_FLOOR 1
#define HAVE_CEIL 1
#define HAVE_ROUND 1
#define HAVE_POW 1
#define HAVE_LOG 1
#define HAVE_ABS 1
#define HAVE_FABS 1
#define HAVE_TIME 1
#define HAVE_GETTIMEOFDAY 1

configure: exit 0

## ---------------------- ##
## Running config.status. ##
## ---------------------- ##

This file was extended by FULL-PACKAGE-NAME config.status VERSION, which was
generated by GNU Autoconf 2.69.  Invocation command line was

  CONFIG_FILES    = 
  CONFIG_HEADERS  = 
  CONFIG_LINKS    = 
  CONFIG_COMMANDS = 
  $ ./config.status config.h

on fedora

config.status:894: creating config.h
config.status:1075: config.h is unchanged
